<?xml version="1.0" encoding="UTF-8"?>
<!-- Generated by org.testng.reporters.JUnitReportReporter -->
<testsuite hostname="DESKTOP-UM7UJ0V" failures="0" tests="1" name="smart_buy.SmartBuy" time="0.112" errors="0" timestamp="2022-11-26T21:14:03 EET" skipped="0">
  <testcase classname="smart_buy.SmartBuy" name="check_discount_on_percent_Dell" time="0.112"/>
  <system-out/>
</testsuite> <!-- smart_buy.SmartBuy -->
